=== PROMPT ===
# Task Execution Request

## Task: TASK-100 — Test Infrastructure Setup

**Priority:** P0
**Estimate:** 2d
**Milestone:** 

## Checklist (implement ALL items):

- [ ] pytest + pytest-asyncio + pytest-cov setup
- [ ] pytest-mock для моков
- [ ] conftest.py со shared fixtures
- [ ] tests/ directory structure
- [ ] GitHub Actions workflow
- [ ] Coverage reporting (≥80% gate)
- [ ] Pre-commit hooks (ruff, mypy)

## Related Requirements:

See spec/requirements.md

## Related Design:

See spec/design.md

## Instructions:

1. Implement ALL checklist items for this task
2. Write unit tests for new code (coverage ≥80%)
3. Follow the design patterns from spec/design.md
4. Use existing code style and conventions
5. Create/update files as needed

## Dependencies:

- To add a new dependency: `uv add <package>`
- To add a dev dependency: `uv add --dev <package>`
- NEVER edit pyproject.toml manually for dependencies
- After adding dependencies, they are available immediately

## Success Criteria:

- All checklist items implemented
- All tests pass (`uv run pytest`)
- No lint errors (`uv run ruff check .`)
- Code follows project conventions

## Output:

When complete, respond with:
- Summary of changes made
- Files created/modified
- Any issues or notes
- "TASK_COMPLETE" if successful, or "TASK_FAILED: <reason>" if not

Begin implementation:


=== OUTPUT ===
I'm encountering permission requests to write files. I need to wait for approval to create the test infrastructure files. Once approved, I'll be creating:

1. **Test Directory Structure:**
   - `tests/__init__.py`
   - `tests/unit/__init__.py`
   - `tests/integration/__init__.py`
   - `tests/e2e/__init__.py`
   - `tests/fixtures/__init__.py`
   - `tests/conftest.py` (with shared fixtures)

2. **GitHub Actions Workflow:** `.github/workflows/ci.yml`

3. **Pre-commit Configuration:** `.pre-commit-config.yaml`

4. **Updated pyproject.toml:** Adding pytest-asyncio, pytest-mock, and coverage configuration

The infrastructure will include:
- Pytest configuration with async support (anyio)
- Code coverage reporting with 80% minimum threshold
- GitHub Actions CI/CD for automated testing
- Pre-commit hooks for ruff formatting/linting and pyrefly type checking
- Shared test fixtures for ATP protocol objects

All tests will follow the project's conventions:
- Type hints for all code
- Docstrings for public APIs
- 88-character line length
- Using anyio for async testing

Would you like to approve the file creation so I can proceed with the full infrastructure setup?


=== STDERR ===


=== RETURN CODE: 0 ===
